# JRE version: OpenJDK Runtime Environment Temurin-21.0.8+9 (21.0.8+9) (build 21.0.8+9-LTS)
# Java VM: OpenJDK 64-Bit Server VM Temurin-21.0.8+9 (21.0.8+9-LTS, mixed mode, sharing, tiered, compressed oops, compressed class ptrs, parallel gc, windows-amd64)
GC Precious Log:
 CardTable entry size: 512
 CPUs: 2 total, 2 available
 Memory: 3918M
 Large Page Support: Disabled
 NUMA Support: Disabled
 Compressed Oops: Enabled (32-bit)
 Alignments: Space 512K, Generation 512K, Heap 2M
 Heap Min Capacity: 100M
 Heap Initial Capacity: 100M
 Heap Max Capacity: 2G
 Pre-touch: Disabled
 Parallel Workers: 2
Heap:
 PSYoungGen      total 17408K, used 14897K [0x00000000d5580000, 0x00000000d6900000, 0x0000000100000000)
  eden space 15872K, 85% used [0x00000000d5580000,0x00000000d62b46b8,0x00000000d6500000)
  from space 1536K, 89% used [0x00000000d6500000,0x00000000d6658040,0x00000000d6680000)
  to   space 2048K, 0% used [0x00000000d6700000,0x00000000d6700000,0x00000000d6900000)
 ParOldGen       total 109568K, used 108646K [0x0000000080000000, 0x0000000086b00000, 0x00000000d5580000)
  object space 109568K, 99% used [0x0000000080000000,0x0000000086a19b68,0x0000000086b00000)
 Metaspace       used 72613K, committed 74240K, reserved 1179648K
  class space    used 7601K, committed 8320K, reserved 1048576K
GC Heap History (20 events):
Event: 290.883 GC heap before
{Heap before GC invocations=73 (full 3):
 PSYoungGen      total 18432K, used 18272K [0x00000000d5580000, 0x00000000d6a00000, 0x0000000100000000)
  eden space 17920K, 100% used [0x00000000d5580000,0x00000000d6700000,0x00000000d6700000)
  from space 512K, 68% used [0x00000000d6700000,0x00000000d6758000,0x00000000d6780000)
  to   space 1024K, 0% used [0x00000000d6900000,0x00000000d6900000,0x00000000d6a00000)
 ParOldGen       total 76800K, used 76495K [0x0000000080000000, 0x0000000084b00000, 0x00000000d5580000)
  object space 76800K, 99% used [0x0000000080000000,0x0000000084ab3ff0,0x0000000084b00000)
 Metaspace       used 70957K, committed 72576K, reserved 1114112K
  class space    used 7393K, committed 8128K, reserved 1048576K
}
Event: 290.888 GC heap after
{Heap after GC invocations=73 (full 3):
 PSYoungGen      total 18432K, used 352K [0x00000000d5580000, 0x00000000d6980000, 0x0000000100000000)
  eden space 17920K, 0% used [0x00000000d5580000,0x00000000d5580000,0x00000000d6700000)
  from space 512K, 68% used [0x00000000d6900000,0x00000000d6958000,0x00000000d6980000)
  to   space 512K, 0% used [0x00000000d6700000,0x00000000d6700000,0x00000000d6780000)
 ParOldGen       total 77312K, used 76807K [0x0000000080000000, 0x0000000084b80000, 0x00000000d5580000)
  object space 77312K, 99% used [0x0000000080000000,0x0000000084b01ff0,0x0000000084b80000)
 Metaspace       used 70957K, committed 72576K, reserved 1114112K
  class space    used 7393K, committed 8128K, reserved 1048576K
}
Event: 291.355 GC heap before
{Heap before GC invocations=74 (full 3):
 PSYoungGen      total 18432K, used 18272K [0x00000000d5580000, 0x00000000d6980000, 0x0000000100000000)
  eden space 17920K, 100% used [0x00000000d5580000,0x00000000d6700000,0x00000000d6700000)
  from space 512K, 68% used [0x00000000d6900000,0x00000000d6958000,0x00000000d6980000)
  to   space 512K, 0% used [0x00000000d6700000,0x00000000d6700000,0x00000000d6780000)
 ParOldGen       total 77312K, used 76807K [0x0000000080000000, 0x0000000084b80000, 0x00000000d5580000)
  object space 77312K, 99% used [0x0000000080000000,0x0000000084b01ff0,0x0000000084b80000)
 Metaspace       used 70962K, committed 72576K, reserved 1114112K
  class space    used 7393K, committed 8128K, reserved 1048576K
}
Event: 291.361 GC heap after
{Heap after GC invocations=74 (full 3):
 PSYoungGen      total 18432K, used 499K [0x00000000d5580000, 0x00000000d6c00000, 0x0000000100000000)
  eden space 17920K, 0% used [0x00000000d5580000,0x00000000d5580000,0x00000000d6700000)
  from space 512K, 97% used [0x00000000d6700000,0x00000000d677cd98,0x00000000d6780000)
  to   space 2560K, 0% used [0x00000000d6980000,0x00000000d6980000,0x00000000d6c00000)
 ParOldGen       total 78336K, used 78291K [0x0000000080000000, 0x0000000084c80000, 0x00000000d5580000)
  object space 78336K, 99% used [0x0000000080000000,0x0000000084c74f58,0x0000000084c80000)
 Metaspace       used 70962K, committed 72576K, reserved 1114112K
  class space    used 7393K, committed 8128K, reserved 1048576K
}
Event: 291.564 GC heap before
{Heap before GC invocations=75 (full 3):
 PSYoungGen      total 18432K, used 18419K [0x00000000d5580000, 0x00000000d6c00000, 0x0000000100000000)
  eden space 17920K, 100% used [0x00000000d5580000,0x00000000d6700000,0x00000000d6700000)
  from space 512K, 97% used [0x00000000d6700000,0x00000000d677cd98,0x00000000d6780000)
  to   space 2560K, 0% used [0x00000000d6980000,0x00000000d6980000,0x00000000d6c00000)
 ParOldGen       total 78336K, used 78291K [0x0000000080000000, 0x0000000084c80000, 0x00000000d5580000)
  object space 78336K, 99% used [0x0000000080000000,0x0000000084c74f58,0x0000000084c80000)
 Metaspace       used 70962K, committed 72576K, reserved 1114112K
  class space    used 7393K, committed 8128K, reserved 1048576K
}
Event: 291.570 GC heap after
{Heap after GC invocations=75 (full 3):
 PSYoungGen      total 18944K, used 980K [0x00000000d5580000, 0x00000000d6a80000, 0x0000000100000000)
  eden space 17920K, 0% used [0x00000000d5580000,0x00000000d5580000,0x00000000d6700000)
  from space 1024K, 95% used [0x00000000d6980000,0x00000000d6a750f0,0x00000000d6a80000)
  to   space 1536K, 0% used [0x00000000d6780000,0x00000000d6780000,0x00000000d6900000)
 ParOldGen       total 78848K, used 78790K [0x0000000080000000, 0x0000000084d00000, 0x00000000d5580000)
  object space 78848K, 99% used [0x0000000080000000,0x0000000084cf1b98,0x0000000084d00000)
 Metaspace       used 70962K, committed 72576K, reserved 1114112K
  class space    used 7393K, committed 8128K, reserved 1048576K
}
Event: 292.305 GC heap before
{Heap before GC invocations=76 (full 3):
 PSYoungGen      total 18944K, used 18900K [0x00000000d5580000, 0x00000000d6a80000, 0x0000000100000000)
  eden space 17920K, 100% used [0x00000000d5580000,0x00000000d6700000,0x00000000d6700000)
  from space 1024K, 95% used [0x00000000d6980000,0x00000000d6a750f0,0x00000000d6a80000)
  to   space 1536K, 0% used [0x00000000d6780000,0x00000000d6780000,0x00000000d6900000)
 ParOldGen       total 78848K, used 78790K [0x0000000080000000, 0x0000000084d00000, 0x00000000d5580000)
  object space 78848K, 99% used [0x0000000080000000,0x0000000084cf1b98,0x0000000084d00000)
 Metaspace       used 70965K, committed 72576K, reserved 1114112K
  class space    used 7393K, committed 8128K, reserved 1048576K
}
Event: 292.316 GC heap after
{Heap after GC invocations=76 (full 3):
 PSYoungGen      total 18944K, used 1007K [0x00000000d5580000, 0x00000000d6a00000, 0x0000000100000000)
  eden space 17920K, 0% used [0x00000000d5580000,0x00000000d5580000,0x00000000d6700000)
  from space 1024K, 98% used [0x00000000d6780000,0x00000000d687bc98,0x00000000d6880000)
  to   space 1536K, 0% used [0x00000000d6880000,0x00000000d6880000,0x00000000d6a00000)
 ParOldGen       total 79872K, used 79711K [0x0000000080000000, 0x0000000084e00000, 0x00000000d5580000)
  object space 79872K, 99% used [0x0000000080000000,0x0000000084dd7d28,0x0000000084e00000)
 Metaspace       used 70965K, committed 72576K, reserved 1114112K
  class space    used 7393K, committed 8128K, reserved 1048576K
}
Event: 292.703 GC heap before
{Heap before GC invocations=77 (full 3):
 PSYoungGen      total 18944K, used 18927K [0x00000000d5580000, 0x00000000d6a00000, 0x0000000100000000)
  eden space 17920K, 100% used [0x00000000d5580000,0x00000000d6700000,0x00000000d6700000)
  from space 1024K, 98% used [0x00000000d6780000,0x00000000d687bc98,0x00000000d6880000)
  to   space 1536K, 0% used [0x00000000d6880000,0x00000000d6880000,0x00000000d6a00000)
 ParOldGen       total 79872K, used 79711K [0x0000000080000000, 0x0000000084e00000, 0x00000000d5580000)
  object space 79872K, 99% used [0x0000000080000000,0x0000000084dd7d28,0x0000000084e00000)
 Metaspace       used 70966K, committed 72576K, reserved 1114112K
  class space    used 7393K, committed 8128K, reserved 1048576K
}
Event: 292.712 GC heap after
{Heap after GC invocations=77 (full 3):
 PSYoungGen      total 18944K, used 729K [0x00000000d5580000, 0x00000000d6980000, 0x0000000100000000)
  eden space 17920K, 0% used [0x00000000d5580000,0x00000000d5580000,0x00000000d6700000)
  from space 1024K, 71% used [0x00000000d6880000,0x00000000d69367a8,0x00000000d6980000)
  to   space 1024K, 0% used [0x00000000d6780000,0x00000000d6780000,0x00000000d6880000)
 ParOldGen       total 80896K, used 80679K [0x0000000080000000, 0x0000000084f00000, 0x00000000d5580000)
  object space 80896K, 99% used [0x0000000080000000,0x0000000084ec9ee0,0x0000000084f00000)
 Metaspace       used 70966K, committed 72576K, reserved 1114112K
  class space    used 7393K, committed 8128K, reserved 1048576K
}
Event: 293.094 GC heap before
{Heap before GC invocations=78 (full 3):
 PSYoungGen      total 18944K, used 18649K [0x00000000d5580000, 0x00000000d6980000, 0x0000000100000000)
  eden space 17920K, 100% used [0x00000000d5580000,0x00000000d6700000,0x00000000d6700000)
  from space 1024K, 71% used [0x00000000d6880000,0x00000000d69367a8,0x00000000d6980000)
  to   space 1024K, 0% used [0x00000000d6780000,0x00000000d6780000,0x00000000d6880000)
 ParOldGen       total 80896K, used 80679K [0x0000000080000000, 0x0000000084f00000, 0x00000000d5580000)
  object space 80896K, 99% used [0x0000000080000000,0x0000000084ec9ee0,0x0000000084f00000)
 Metaspace       used 70969K, committed 72576K, reserved 1114112K
  class space    used 7393K, committed 8128K, reserved 1048576K
}
Event: 293.101 GC heap after
{Heap after GC invocations=78 (full 3):
 PSYoungGen      total 18944K, used 941K [0x00000000d5580000, 0x00000000d6900000, 0x0000000100000000)
  eden space 17920K, 0% used [0x00000000d5580000,0x00000000d5580000,0x00000000d6700000)
  from space 1024K, 91% used [0x00000000d6780000,0x00000000d686b690,0x00000000d6880000)
  to   space 512K, 0% used [0x00000000d6880000,0x00000000d6880000,0x00000000d6900000)
 ParOldGen       total 81408K, used 81307K [0x0000000080000000, 0x0000000084f80000, 0x00000000d5580000)
  object space 81408K, 99% used [0x0000000080000000,0x0000000084f66c98,0x0000000084f80000)
 Metaspace       used 70969K, committed 72576K, reserved 1114112K
  class space    used 7393K, committed 8128K, reserved 1048576K
}
Event: 293.822 GC heap before
{Heap before GC invocations=79 (full 3):
 PSYoungGen      total 18944K, used 18861K [0x00000000d5580000, 0x00000000d6900000, 0x0000000100000000)
  eden space 17920K, 100% used [0x00000000d5580000,0x00000000d6700000,0x00000000d6700000)
  from space 1024K, 91% used [0x00000000d6780000,0x00000000d686b690,0x00000000d6880000)
  to   space 512K, 0% used [0x00000000d6880000,0x00000000d6880000,0x00000000d6900000)
 ParOldGen       total 81408K, used 81307K [0x0000000080000000, 0x0000000084f80000, 0x00000000d5580000)
  object space 81408K, 99% used [0x0000000080000000,0x0000000084f66c98,0x0000000084f80000)
 Metaspace       used 70980K, committed 72576K, reserved 1114112K
  class space    used 7393K, committed 8128K, reserved 1048576K
}
Event: 293.835 GC heap after
{Heap after GC invocations=79 (full 3):
 PSYoungGen      total 16896K, used 494K [0x00000000d5580000, 0x00000000d6d00000, 0x0000000100000000)
  eden space 16384K, 0% used [0x00000000d5580000,0x00000000d5580000,0x00000000d6580000)
  from space 512K, 96% used [0x00000000d6880000,0x00000000d68fb948,0x00000000d6900000)
  to   space 3072K, 0% used [0x00000000d6580000,0x00000000d6580000,0x00000000d6880000)
 ParOldGen       total 83968K, used 83365K [0x0000000080000000, 0x0000000085200000, 0x00000000d5580000)
  object space 83968K, 99% used [0x0000000080000000,0x0000000085169608,0x0000000085200000)
 Metaspace       used 70980K, committed 72576K, reserved 1114112K
  class space    used 7393K, committed 8128K, reserved 1048576K
}
Event: 294.191 GC heap before
{Heap before GC invocations=80 (full 3):
 PSYoungGen      total 16896K, used 16878K [0x00000000d5580000, 0x00000000d6d00000, 0x0000000100000000)
  eden space 16384K, 100% used [0x00000000d5580000,0x00000000d6580000,0x00000000d6580000)
  from space 512K, 96% used [0x00000000d6880000,0x00000000d68fb948,0x00000000d6900000)
  to   space 3072K, 0% used [0x00000000d6580000,0x00000000d6580000,0x00000000d6880000)
 ParOldGen       total 83968K, used 83365K [0x0000000080000000, 0x0000000085200000, 0x00000000d5580000)
  object space 83968K, 99% used [0x0000000080000000,0x0000000085169608,0x0000000085200000)
 Metaspace       used 71018K, committed 72640K, reserved 1114112K
  class space    used 7395K, committed 8128K, reserved 1048576K
}
Event: 294.194 GC heap after
{Heap after GC invocations=80 (full 3):
 PSYoungGen      total 17408K, used 909K [0x00000000d5580000, 0x00000000d6900000, 0x0000000100000000)
  eden space 16384K, 0% used [0x00000000d5580000,0x00000000d5580000,0x00000000d6580000)
  from space 1024K, 88% used [0x00000000d6580000,0x00000000d6663518,0x00000000d6680000)
  to   space 1536K, 0% used [0x00000000d6780000,0x00000000d6780000,0x00000000d6900000)
 ParOldGen       total 83968K, used 83858K [0x0000000080000000, 0x0000000085200000, 0x00000000d5580000)
  object space 83968K, 99% used [0x0000000080000000,0x00000000851e4918,0x0000000085200000)
 Metaspace       used 71018K, committed 72640K, reserved 1114112K
  class space    used 7395K, committed 8128K, reserved 1048576K
}
Event: 848.067 GC heap before
{Heap before GC invocations=81 (full 3):
 PSYoungGen      total 17408K, used 17031K [0x00000000d5580000, 0x00000000d6900000, 0x0000000100000000)
  eden space 16384K, 98% used [0x00000000d5580000,0x00000000d653e7f8,0x00000000d6580000)
  from space 1024K, 88% used [0x00000000d6580000,0x00000000d6663518,0x00000000d6680000)
  to   space 1536K, 0% used [0x00000000d6780000,0x00000000d6780000,0x00000000d6900000)
 ParOldGen       total 83968K, used 83858K [0x0000000080000000, 0x0000000085200000, 0x00000000d5580000)
  object space 83968K, 99% used [0x0000000080000000,0x00000000851e4918,0x0000000085200000)
 Metaspace       used 71813K, committed 73472K, reserved 1179648K
  class space    used 7519K, committed 8256K, reserved 1048576K
}
Event: 848.425 GC heap after
{Heap after GC invocations=81 (full 3):
 PSYoungGen      total 17408K, used 1535K [0x00000000d5580000, 0x00000000d6a80000, 0x0000000100000000)
  eden space 15872K, 0% used [0x00000000d5580000,0x00000000d5580000,0x00000000d6500000)
  from space 1536K, 99% used [0x00000000d6780000,0x00000000d68fffc8,0x00000000d6900000)
  to   space 2560K, 0% used [0x00000000d6500000,0x00000000d6500000,0x00000000d6780000)
 ParOldGen       total 84480K, used 84470K [0x0000000080000000, 0x0000000085280000, 0x00000000d5580000)
  object space 84480K, 99% used [0x0000000080000000,0x000000008527db18,0x0000000085280000)
 Metaspace       used 71813K, committed 73472K, reserved 1179648K
  class space    used 7519K, committed 8256K, reserved 1048576K
}
Event: 7044.145 GC heap before
{Heap before GC invocations=82 (full 3):
 PSYoungGen      total 17408K, used 17407K [0x00000000d5580000, 0x00000000d6a80000, 0x0000000100000000)
  eden space 15872K, 100% used [0x00000000d5580000,0x00000000d6500000,0x00000000d6500000)
  from space 1536K, 99% used [0x00000000d6780000,0x00000000d68fffc8,0x00000000d6900000)
  to   space 2560K, 0% used [0x00000000d6500000,0x00000000d6500000,0x00000000d6780000)
 ParOldGen       total 84480K, used 84470K [0x0000000080000000, 0x0000000085280000, 0x00000000d5580000)
  object space 84480K, 99% used [0x0000000080000000,0x000000008527db18,0x0000000085280000)
 Metaspace       used 72484K, committed 74176K, reserved 1179648K
  class space    used 7600K, committed 8320K, reserved 1048576K
}
Event: 7044.463 GC heap after
{Heap after GC invocations=82 (full 3):
 PSYoungGen      total 17408K, used 1376K [0x00000000d5580000, 0x00000000d6900000, 0x0000000100000000)
  eden space 15872K, 0% used [0x00000000d5580000,0x00000000d5580000,0x00000000d6500000)
  from space 1536K, 89% used [0x00000000d6500000,0x00000000d6658040,0x00000000d6680000)
  to   space 2048K, 0% used [0x00000000d6700000,0x00000000d6700000,0x00000000d6900000)
 ParOldGen       total 86016K, used 85606K [0x0000000080000000, 0x0000000085400000, 0x00000000d5580000)
  object space 86016K, 99% used [0x0000000080000000,0x0000000085399b48,0x0000000085400000)
 Metaspace       used 72484K, committed 74176K, reserved 1179648K
  class space    used 7600K, committed 8320K, reserved 1048576K
}

